{"/home/cadu/Driven/Projetos/Projeto_14_MyWallet/MyWallet-Back-end/setup.js": {"path":"/home/cadu/Driven/Projetos/Projeto_14_MyWallet/MyWallet-Back-end/setup.js","statementMap":{"0":{"start":{"line":3,"column":16},"end":{"line":3,"column":70}},"1":{"start":{"line":5,"column":0},"end":{"line":7,"column":3}}},"fnMap":{},"branchMap":{"0":{"loc":{"start":{"line":3,"column":16},"end":{"line":3,"column":70}},"type":"cond-expr","locations":[{"start":{"line":3,"column":50},"end":{"line":3,"column":61}},{"start":{"line":3,"column":64},"end":{"line":3,"column":70}}],"line":3}},"s":{"0":2,"1":2},"f":{},"b":{"0":[2,0]},"_coverageSchema":"1a1c01bbd47fc00a2c39e90264f33305004495a9","hash":"ca95b7df864853e7cf20743471090f8a4cd955d1"}
,"/home/cadu/Driven/Projetos/Projeto_14_MyWallet/MyWallet-Back-end/src/app.js": {"path":"/home/cadu/Driven/Projetos/Projeto_14_MyWallet/MyWallet-Back-end/src/app.js","statementMap":{"0":{"start":{"line":7,"column":12},"end":{"line":7,"column":21}},"1":{"start":{"line":9,"column":0},"end":{"line":9,"column":16}},"2":{"start":{"line":10,"column":0},"end":{"line":10,"column":24}},"3":{"start":{"line":12,"column":0},"end":{"line":12,"column":44}},"4":{"start":{"line":13,"column":0},"end":{"line":13,"column":44}},"5":{"start":{"line":14,"column":0},"end":{"line":14,"column":61}},"6":{"start":{"line":16,"column":0},"end":{"line":16,"column":77}},"7":{"start":{"line":17,"column":0},"end":{"line":17,"column":78}}},"fnMap":{},"branchMap":{},"s":{"0":2,"1":2,"2":2,"3":2,"4":2,"5":2,"6":2,"7":2},"f":{},"b":{},"_coverageSchema":"1a1c01bbd47fc00a2c39e90264f33305004495a9","hash":"93865175c220fdc0a787922a5393ac75e1bd6d83"}
,"/home/cadu/Driven/Projetos/Projeto_14_MyWallet/MyWallet-Back-end/src/database.js": {"path":"/home/cadu/Driven/Projetos/Projeto_14_MyWallet/MyWallet-Back-end/src/database.js","statementMap":{"0":{"start":{"line":3,"column":17},"end":{"line":3,"column":19}},"1":{"start":{"line":5,"column":20},"end":{"line":11,"column":1}},"2":{"start":{"line":12,"column":23},"end":{"line":17,"column":1}},"3":{"start":{"line":19,"column":19},"end":{"line":23,"column":1}}},"fnMap":{},"branchMap":{"0":{"loc":{"start":{"line":20,"column":2},"end":{"line":22,"column":20}},"type":"cond-expr","locations":[{"start":{"line":21,"column":6},"end":{"line":21,"column":17}},{"start":{"line":22,"column":6},"end":{"line":22,"column":20}}],"line":20},"1":{"loc":{"start":{"line":20,"column":2},"end":{"line":20,"column":74}},"type":"binary-expr","locations":[{"start":{"line":20,"column":2},"end":{"line":20,"column":39}},{"start":{"line":20,"column":43},"end":{"line":20,"column":74}}],"line":20}},"s":{"0":2,"1":2,"2":2,"3":2},"f":{},"b":{"0":[2,0],"1":[2,0]},"_coverageSchema":"1a1c01bbd47fc00a2c39e90264f33305004495a9","hash":"cdc1dd814dec3e1d637257d9db00e23d8e42d54c"}
,"/home/cadu/Driven/Projetos/Projeto_14_MyWallet/MyWallet-Back-end/src/middlewares.js": {"path":"/home/cadu/Driven/Projetos/Projeto_14_MyWallet/MyWallet-Back-end/src/middlewares.js","statementMap":{"0":{"start":{"line":4,"column":19},"end":{"line":4,"column":34}},"1":{"start":{"line":5,"column":16},"end":{"line":5,"column":61}},"2":{"start":{"line":6,"column":2},"end":{"line":16,"column":3}},"3":{"start":{"line":7,"column":20},"end":{"line":9,"column":6}},"4":{"start":{"line":10,"column":4},"end":{"line":12,"column":5}},"5":{"start":{"line":11,"column":6},"end":{"line":11,"column":33}},"6":{"start":{"line":13,"column":4},"end":{"line":13,"column":18}},"7":{"start":{"line":15,"column":4},"end":{"line":15,"column":31}}},"fnMap":{"0":{"name":"verifyToken","decl":{"start":{"line":3,"column":15},"end":{"line":3,"column":26}},"loc":{"start":{"line":3,"column":43},"end":{"line":17,"column":1}},"line":3}},"branchMap":{"0":{"loc":{"start":{"line":10,"column":4},"end":{"line":12,"column":5}},"type":"if","locations":[{"start":{"line":10,"column":4},"end":{"line":12,"column":5}},{"start":{},"end":{}}],"line":10}},"s":{"0":5,"1":5,"2":5,"3":5,"4":5,"5":2,"6":3,"7":0},"f":{"0":5},"b":{"0":[2,3]},"_coverageSchema":"1a1c01bbd47fc00a2c39e90264f33305004495a9","hash":"b103026172e4295ef7f463bcd82f875eb6f6522c"}
,"/home/cadu/Driven/Projetos/Projeto_14_MyWallet/MyWallet-Back-end/src/controllers/transactionController.js": {"path":"/home/cadu/Driven/Projetos/Projeto_14_MyWallet/MyWallet-Back-end/src/controllers/transactionController.js","statementMap":{"0":{"start":{"line":4,"column":28},"end":{"line":4,"column":39}},"1":{"start":{"line":5,"column":16},"end":{"line":5,"column":53}},"2":{"start":{"line":6,"column":27},"end":{"line":6,"column":78}},"3":{"start":{"line":7,"column":2},"end":{"line":7,"column":36}},"4":{"start":{"line":11,"column":28},"end":{"line":11,"column":39}},"5":{"start":{"line":12,"column":22},"end":{"line":12,"column":30}},"6":{"start":{"line":14,"column":16},"end":{"line":14,"column":53}},"7":{"start":{"line":15,"column":32},"end":{"line":15,"column":43}},"8":{"start":{"line":17,"column":2},"end":{"line":19,"column":3}},"9":{"start":{"line":18,"column":4},"end":{"line":18,"column":62}},"10":{"start":{"line":20,"column":25},"end":{"line":25,"column":4}},"11":{"start":{"line":26,"column":2},"end":{"line":28,"column":3}},"12":{"start":{"line":27,"column":4},"end":{"line":27,"column":79}},"13":{"start":{"line":29,"column":2},"end":{"line":29,"column":29}}},"fnMap":{"0":{"name":"getTransactions","decl":{"start":{"line":3,"column":15},"end":{"line":3,"column":30}},"loc":{"start":{"line":3,"column":41},"end":{"line":8,"column":1}},"line":3},"1":{"name":"postTransaction","decl":{"start":{"line":10,"column":15},"end":{"line":10,"column":30}},"loc":{"start":{"line":10,"column":41},"end":{"line":30,"column":1}},"line":10}},"branchMap":{"0":{"loc":{"start":{"line":17,"column":2},"end":{"line":19,"column":3}},"type":"if","locations":[{"start":{"line":17,"column":2},"end":{"line":19,"column":3}},{"start":{},"end":{}}],"line":17},"1":{"loc":{"start":{"line":17,"column":6},"end":{"line":17,"column":37}},"type":"binary-expr","locations":[{"start":{"line":17,"column":6},"end":{"line":17,"column":20}},{"start":{"line":17,"column":24},"end":{"line":17,"column":37}}],"line":17},"2":{"loc":{"start":{"line":26,"column":2},"end":{"line":28,"column":3}},"type":"if","locations":[{"start":{"line":26,"column":2},"end":{"line":28,"column":3}},{"start":{},"end":{}}],"line":26}},"s":{"0":1,"1":1,"2":1,"3":1,"4":2,"5":2,"6":2,"7":2,"8":2,"9":0,"10":2,"11":2,"12":1,"13":1},"f":{"0":1,"1":2},"b":{"0":[0,2],"1":[2,2],"2":[1,1]},"_coverageSchema":"1a1c01bbd47fc00a2c39e90264f33305004495a9","hash":"8d6ec3331d801fd25a8656656343413a4e3b2705"}
,"/home/cadu/Driven/Projetos/Projeto_14_MyWallet/MyWallet-Back-end/src/controllers/userController.js": {"path":"/home/cadu/Driven/Projetos/Projeto_14_MyWallet/MyWallet-Back-end/src/controllers/userController.js","statementMap":{"0":{"start":{"line":4,"column":30},"end":{"line":4,"column":38}},"1":{"start":{"line":5,"column":15},"end":{"line":5,"column":64}},"2":{"start":{"line":6,"column":2},"end":{"line":8,"column":3}},"3":{"start":{"line":7,"column":4},"end":{"line":7,"column":79}},"4":{"start":{"line":9,"column":2},"end":{"line":9,"column":36}},"5":{"start":{"line":13,"column":22},"end":{"line":13,"column":30}},"6":{"start":{"line":14,"column":53},"end":{"line":14,"column":64}},"7":{"start":{"line":15,"column":2},"end":{"line":19,"column":3}},"8":{"start":{"line":16,"column":4},"end":{"line":18,"column":7}},"9":{"start":{"line":20,"column":15},"end":{"line":20,"column":87}},"10":{"start":{"line":21,"column":2},"end":{"line":23,"column":3}},"11":{"start":{"line":22,"column":4},"end":{"line":22,"column":56}},"12":{"start":{"line":24,"column":2},"end":{"line":28,"column":3}},"13":{"start":{"line":25,"column":4},"end":{"line":27,"column":7}},"14":{"start":{"line":30,"column":2},"end":{"line":30,"column":29}},"15":{"start":{"line":34,"column":28},"end":{"line":34,"column":39}},"16":{"start":{"line":35,"column":16},"end":{"line":35,"column":53}},"17":{"start":{"line":36,"column":2},"end":{"line":36,"column":48}},"18":{"start":{"line":37,"column":2},"end":{"line":37,"column":29}}},"fnMap":{"0":{"name":"signIn","decl":{"start":{"line":3,"column":15},"end":{"line":3,"column":21}},"loc":{"start":{"line":3,"column":32},"end":{"line":10,"column":1}},"line":3},"1":{"name":"signUp","decl":{"start":{"line":12,"column":15},"end":{"line":12,"column":21}},"loc":{"start":{"line":12,"column":32},"end":{"line":31,"column":1}},"line":12},"2":{"name":"signOut","decl":{"start":{"line":33,"column":15},"end":{"line":33,"column":22}},"loc":{"start":{"line":33,"column":33},"end":{"line":38,"column":1}},"line":33}},"branchMap":{"0":{"loc":{"start":{"line":6,"column":2},"end":{"line":8,"column":3}},"type":"if","locations":[{"start":{"line":6,"column":2},"end":{"line":8,"column":3}},{"start":{},"end":{}}],"line":6},"1":{"loc":{"start":{"line":15,"column":2},"end":{"line":19,"column":3}},"type":"if","locations":[{"start":{"line":15,"column":2},"end":{"line":19,"column":3}},{"start":{},"end":{}}],"line":15},"2":{"loc":{"start":{"line":21,"column":2},"end":{"line":23,"column":3}},"type":"if","locations":[{"start":{"line":21,"column":2},"end":{"line":23,"column":3}},{"start":{},"end":{}}],"line":21},"3":{"loc":{"start":{"line":24,"column":2},"end":{"line":28,"column":3}},"type":"if","locations":[{"start":{"line":24,"column":2},"end":{"line":28,"column":3}},{"start":{},"end":{}}],"line":24}},"s":{"0":3,"1":3,"2":3,"3":2,"4":1,"5":3,"6":3,"7":3,"8":1,"9":2,"10":2,"11":1,"12":1,"13":0,"14":1,"15":0,"16":0,"17":0,"18":0},"f":{"0":3,"1":3,"2":0},"b":{"0":[2,1],"1":[1,2],"2":[1,1],"3":[0,1]},"_coverageSchema":"1a1c01bbd47fc00a2c39e90264f33305004495a9","hash":"11bac02af4c43d906213ffb5ee30a31284e81ba8"}
,"/home/cadu/Driven/Projetos/Projeto_14_MyWallet/MyWallet-Back-end/src/repositories/sessionRepository.js": {"path":"/home/cadu/Driven/Projetos/Projeto_14_MyWallet/MyWallet-Back-end/src/repositories/sessionRepository.js","statementMap":{"0":{"start":{"line":4,"column":2},"end":{"line":9,"column":4}},"1":{"start":{"line":10,"column":17},"end":{"line":17,"column":3}},"2":{"start":{"line":18,"column":2},"end":{"line":18,"column":25}},"3":{"start":{"line":21,"column":2},"end":{"line":26,"column":4}},"4":{"start":{"line":30,"column":17},"end":{"line":32,"column":4}},"5":{"start":{"line":33,"column":2},"end":{"line":33,"column":33}}},"fnMap":{"0":{"name":"createSession","decl":{"start":{"line":3,"column":15},"end":{"line":3,"column":28}},"loc":{"start":{"line":3,"column":46},"end":{"line":19,"column":1}},"line":3},"1":{"name":"deleteSession","decl":{"start":{"line":20,"column":15},"end":{"line":20,"column":28}},"loc":{"start":{"line":20,"column":36},"end":{"line":27,"column":1}},"line":20},"2":{"name":"getUserIdByToken","decl":{"start":{"line":29,"column":15},"end":{"line":29,"column":31}},"loc":{"start":{"line":29,"column":39},"end":{"line":34,"column":1}},"line":29}},"branchMap":{},"s":{"0":1,"1":1,"2":1,"3":0,"4":1,"5":1},"f":{"0":1,"1":0,"2":1},"b":{},"_coverageSchema":"1a1c01bbd47fc00a2c39e90264f33305004495a9","hash":"eac0973f543710ac43d4b012d5114006fec1cb8c"}
,"/home/cadu/Driven/Projetos/Projeto_14_MyWallet/MyWallet-Back-end/src/repositories/transactionRepository.js": {"path":"/home/cadu/Driven/Projetos/Projeto_14_MyWallet/MyWallet-Back-end/src/repositories/transactionRepository.js","statementMap":{"0":{"start":{"line":4,"column":17},"end":{"line":10,"column":3}},"1":{"start":{"line":11,"column":2},"end":{"line":11,"column":22}},"2":{"start":{"line":15,"column":22},"end":{"line":21,"column":3}},"3":{"start":{"line":22,"column":2},"end":{"line":22,"column":29}}},"fnMap":{"0":{"name":"getUserTransactionsByToken","decl":{"start":{"line":3,"column":15},"end":{"line":3,"column":41}},"loc":{"start":{"line":3,"column":49},"end":{"line":12,"column":1}},"line":3},"1":{"name":"insertNewTransaction","decl":{"start":{"line":14,"column":15},"end":{"line":14,"column":35}},"loc":{"start":{"line":14,"column":73},"end":{"line":23,"column":1}},"line":14}},"branchMap":{},"s":{"0":1,"1":1,"2":1,"3":1},"f":{"0":1,"1":1},"b":{},"_coverageSchema":"1a1c01bbd47fc00a2c39e90264f33305004495a9","hash":"918de3bc06d826c3ad43e1e0a3caa49ed5f012b2"}
,"/home/cadu/Driven/Projetos/Projeto_14_MyWallet/MyWallet-Back-end/src/repositories/userRepository.js": {"path":"/home/cadu/Driven/Projetos/Projeto_14_MyWallet/MyWallet-Back-end/src/repositories/userRepository.js","statementMap":{"0":{"start":{"line":4,"column":17},"end":{"line":10,"column":3}},"1":{"start":{"line":12,"column":2},"end":{"line":12,"column":25}},"2":{"start":{"line":16,"column":20},"end":{"line":16,"column":70}},"3":{"start":{"line":17,"column":2},"end":{"line":17,"column":24}},"4":{"start":{"line":20,"column":18},"end":{"line":27,"column":3}},"5":{"start":{"line":28,"column":2},"end":{"line":28,"column":25}}},"fnMap":{"0":{"name":"findByEmail","decl":{"start":{"line":3,"column":15},"end":{"line":3,"column":26}},"loc":{"start":{"line":3,"column":34},"end":{"line":13,"column":1}},"line":3},"1":{"name":"getEmailList","decl":{"start":{"line":15,"column":15},"end":{"line":15,"column":27}},"loc":{"start":{"line":15,"column":30},"end":{"line":18,"column":1}},"line":15},"2":{"name":"addNewUser","decl":{"start":{"line":19,"column":15},"end":{"line":19,"column":25}},"loc":{"start":{"line":19,"column":53},"end":{"line":29,"column":1}},"line":19}},"branchMap":{},"s":{"0":2,"1":2,"2":2,"3":2,"4":1,"5":1},"f":{"0":2,"1":2,"2":1},"b":{},"_coverageSchema":"1a1c01bbd47fc00a2c39e90264f33305004495a9","hash":"6ae4480d7d388d514b18024265454a80ab8fdcff"}
,"/home/cadu/Driven/Projetos/Projeto_14_MyWallet/MyWallet-Back-end/src/services/transactionService.js": {"path":"/home/cadu/Driven/Projetos/Projeto_14_MyWallet/MyWallet-Back-end/src/services/transactionService.js","statementMap":{"0":{"start":{"line":7,"column":23},"end":{"line":7,"column":84}},"1":{"start":{"line":8,"column":2},"end":{"line":8,"column":22}},"2":{"start":{"line":12,"column":19},"end":{"line":12,"column":70}},"3":{"start":{"line":13,"column":2},"end":{"line":15,"column":3}},"4":{"start":{"line":14,"column":4},"end":{"line":14,"column":16}},"5":{"start":{"line":16,"column":15},"end":{"line":16,"column":43}},"6":{"start":{"line":17,"column":17},"end":{"line":17,"column":64}},"7":{"start":{"line":18,"column":26},"end":{"line":24,"column":4}},"8":{"start":{"line":25,"column":2},"end":{"line":27,"column":3}},"9":{"start":{"line":26,"column":4},"end":{"line":26,"column":16}},"10":{"start":{"line":28,"column":2},"end":{"line":28,"column":15}}},"fnMap":{"0":{"name":"getUserTransactions","decl":{"start":{"line":6,"column":15},"end":{"line":6,"column":34}},"loc":{"start":{"line":6,"column":42},"end":{"line":9,"column":1}},"line":6},"1":{"name":"verifyAndPostTransaction","decl":{"start":{"line":11,"column":15},"end":{"line":11,"column":39}},"loc":{"start":{"line":11,"column":70},"end":{"line":29,"column":1}},"line":11}},"branchMap":{"0":{"loc":{"start":{"line":13,"column":2},"end":{"line":15,"column":3}},"type":"if","locations":[{"start":{"line":13,"column":2},"end":{"line":15,"column":3}},{"start":{},"end":{}}],"line":13},"1":{"loc":{"start":{"line":25,"column":2},"end":{"line":27,"column":3}},"type":"if","locations":[{"start":{"line":25,"column":2},"end":{"line":27,"column":3}},{"start":{},"end":{}}],"line":25}},"s":{"0":1,"1":1,"2":2,"3":2,"4":1,"5":1,"6":1,"7":1,"8":1,"9":1,"10":0},"f":{"0":1,"1":2},"b":{"0":[1,1],"1":[1,0]},"_coverageSchema":"1a1c01bbd47fc00a2c39e90264f33305004495a9","hash":"f8494232be720f41c1d269c8ba031466c2c44244"}
,"/home/cadu/Driven/Projetos/Projeto_14_MyWallet/MyWallet-Back-end/src/services/userService.js": {"path":"/home/cadu/Driven/Projetos/Projeto_14_MyWallet/MyWallet-Back-end/src/services/userService.js","statementMap":{"0":{"start":{"line":9,"column":19},"end":{"line":12,"column":4}},"1":{"start":{"line":13,"column":2},"end":{"line":13,"column":34}},"2":{"start":{"line":13,"column":22},"end":{"line":13,"column":34}},"3":{"start":{"line":15,"column":15},"end":{"line":15,"column":54}},"4":{"start":{"line":16,"column":2},"end":{"line":16,"column":25}},"5":{"start":{"line":16,"column":13},"end":{"line":16,"column":25}},"6":{"start":{"line":17,"column":16},"end":{"line":17,"column":22}},"7":{"start":{"line":18,"column":18},"end":{"line":18,"column":72}},"8":{"start":{"line":20,"column":2},"end":{"line":20,"column":51}},"9":{"start":{"line":24,"column":19},"end":{"line":29,"column":4}},"10":{"start":{"line":30,"column":2},"end":{"line":30,"column":34}},"11":{"start":{"line":30,"column":22},"end":{"line":30,"column":34}},"12":{"start":{"line":32,"column":20},"end":{"line":32,"column":55}},"13":{"start":{"line":33,"column":2},"end":{"line":35,"column":3}},"14":{"start":{"line":33,"column":37},"end":{"line":33,"column":62}},"15":{"start":{"line":34,"column":4},"end":{"line":34,"column":21}},"16":{"start":{"line":36,"column":23},"end":{"line":36,"column":52}},"17":{"start":{"line":38,"column":18},"end":{"line":42,"column":4}},"18":{"start":{"line":43,"column":2},"end":{"line":43,"column":28}},"19":{"start":{"line":43,"column":16},"end":{"line":43,"column":28}},"20":{"start":{"line":44,"column":2},"end":{"line":44,"column":17}},"21":{"start":{"line":47,"column":2},"end":{"line":47,"column":47}}},"fnMap":{"0":{"name":"authSignIn","decl":{"start":{"line":8,"column":15},"end":{"line":8,"column":25}},"loc":{"start":{"line":8,"column":47},"end":{"line":21,"column":1}},"line":8},"1":{"name":"authSignUp","decl":{"start":{"line":23,"column":15},"end":{"line":23,"column":25}},"loc":{"start":{"line":23,"column":70},"end":{"line":45,"column":1}},"line":23},"2":{"name":"(anonymous_2)","decl":{"start":{"line":33,"column":22},"end":{"line":33,"column":23}},"loc":{"start":{"line":33,"column":37},"end":{"line":33,"column":62}},"line":33},"3":{"name":"requestFinishSession","decl":{"start":{"line":46,"column":15},"end":{"line":46,"column":35}},"loc":{"start":{"line":46,"column":43},"end":{"line":48,"column":1}},"line":46}},"branchMap":{"0":{"loc":{"start":{"line":13,"column":2},"end":{"line":13,"column":34}},"type":"if","locations":[{"start":{"line":13,"column":2},"end":{"line":13,"column":34}},{"start":{},"end":{}}],"line":13},"1":{"loc":{"start":{"line":16,"column":2},"end":{"line":16,"column":25}},"type":"if","locations":[{"start":{"line":16,"column":2},"end":{"line":16,"column":25}},{"start":{},"end":{}}],"line":16},"2":{"loc":{"start":{"line":30,"column":2},"end":{"line":30,"column":34}},"type":"if","locations":[{"start":{"line":30,"column":2},"end":{"line":30,"column":34}},{"start":{},"end":{}}],"line":30},"3":{"loc":{"start":{"line":33,"column":2},"end":{"line":35,"column":3}},"type":"if","locations":[{"start":{"line":33,"column":2},"end":{"line":35,"column":3}},{"start":{},"end":{}}],"line":33},"4":{"loc":{"start":{"line":43,"column":2},"end":{"line":43,"column":28}},"type":"if","locations":[{"start":{"line":43,"column":2},"end":{"line":43,"column":28}},{"start":{},"end":{}}],"line":43}},"s":{"0":3,"1":3,"2":1,"3":2,"4":2,"5":1,"6":1,"7":1,"8":1,"9":2,"10":2,"11":0,"12":2,"13":2,"14":1,"15":1,"16":1,"17":1,"18":1,"19":0,"20":1,"21":0},"f":{"0":3,"1":2,"2":1,"3":0},"b":{"0":[1,2],"1":[1,1],"2":[0,2],"3":[1,1],"4":[0,1]},"_coverageSchema":"1a1c01bbd47fc00a2c39e90264f33305004495a9","hash":"8e0a764cc8646159533dc7326a7f053124938013"}
,"/home/cadu/Driven/Projetos/Projeto_14_MyWallet/MyWallet-Back-end/src/validation/sign-in.js": {"path":"/home/cadu/Driven/Projetos/Projeto_14_MyWallet/MyWallet-Back-end/src/validation/sign-in.js","statementMap":{"0":{"start":{"line":5,"column":19},"end":{"line":5,"column":171}},"1":{"start":{"line":7,"column":23},"end":{"line":10,"column":2}}},"fnMap":{},"branchMap":{},"s":{"0":2,"1":2},"f":{},"b":{},"_coverageSchema":"1a1c01bbd47fc00a2c39e90264f33305004495a9","hash":"c30b66fb1d7adc0245bd54e0eb459a8a5881f021"}
,"/home/cadu/Driven/Projetos/Projeto_14_MyWallet/MyWallet-Back-end/src/validation/sign-up.js": {"path":"/home/cadu/Driven/Projetos/Projeto_14_MyWallet/MyWallet-Back-end/src/validation/sign-up.js","statementMap":{"0":{"start":{"line":5,"column":19},"end":{"line":5,"column":171}},"1":{"start":{"line":7,"column":23},"end":{"line":12,"column":2}}},"fnMap":{},"branchMap":{},"s":{"0":2,"1":2},"f":{},"b":{},"_coverageSchema":"1a1c01bbd47fc00a2c39e90264f33305004495a9","hash":"6a3d5453f0a7aad33fb56c26e37b74ad1895d081"}
,"/home/cadu/Driven/Projetos/Projeto_14_MyWallet/MyWallet-Back-end/src/validation/transactions.js": {"path":"/home/cadu/Driven/Projetos/Projeto_14_MyWallet/MyWallet-Back-end/src/validation/transactions.js","statementMap":{"0":{"start":{"line":3,"column":28},"end":{"line":7,"column":2}}},"fnMap":{},"branchMap":{},"s":{"0":2},"f":{},"b":{},"_coverageSchema":"1a1c01bbd47fc00a2c39e90264f33305004495a9","hash":"9a7392606b99a3c78d8cb32d718b8eb0657b00a8"}
}
