{"/home/cadu/Driven/Projetos/Projeto_14_MyWallet/MyWallet-Back-end/setup.js": {"path":"/home/cadu/Driven/Projetos/Projeto_14_MyWallet/MyWallet-Back-end/setup.js","statementMap":{"0":{"start":{"line":3,"column":16},"end":{"line":3,"column":70}},"1":{"start":{"line":5,"column":0},"end":{"line":7,"column":3}}},"fnMap":{},"branchMap":{"0":{"loc":{"start":{"line":3,"column":16},"end":{"line":3,"column":70}},"type":"cond-expr","locations":[{"start":{"line":3,"column":50},"end":{"line":3,"column":61}},{"start":{"line":3,"column":64},"end":{"line":3,"column":70}}],"line":3}},"s":{"0":2,"1":2},"f":{},"b":{"0":[2,0]},"_coverageSchema":"1a1c01bbd47fc00a2c39e90264f33305004495a9","hash":"ca95b7df864853e7cf20743471090f8a4cd955d1"}
,"/home/cadu/Driven/Projetos/Projeto_14_MyWallet/MyWallet-Back-end/src/app.js": {"path":"/home/cadu/Driven/Projetos/Projeto_14_MyWallet/MyWallet-Back-end/src/app.js","statementMap":{"0":{"start":{"line":10,"column":12},"end":{"line":10,"column":21}},"1":{"start":{"line":12,"column":0},"end":{"line":12,"column":16}},"2":{"start":{"line":13,"column":0},"end":{"line":13,"column":24}},"3":{"start":{"line":16,"column":0},"end":{"line":16,"column":32}},"4":{"start":{"line":18,"column":0},"end":{"line":18,"column":36}},"5":{"start":{"line":20,"column":0},"end":{"line":20,"column":33}},"6":{"start":{"line":23,"column":0},"end":{"line":23,"column":60}},"7":{"start":{"line":24,"column":0},"end":{"line":24,"column":56}}},"fnMap":{},"branchMap":{},"s":{"0":2,"1":2,"2":2,"3":2,"4":2,"5":2,"6":2,"7":2},"f":{},"b":{},"_coverageSchema":"1a1c01bbd47fc00a2c39e90264f33305004495a9","hash":"45a1f0f31ba701efc01b102dff7225d67ba7981b"}
,"/home/cadu/Driven/Projetos/Projeto_14_MyWallet/MyWallet-Back-end/src/database.js": {"path":"/home/cadu/Driven/Projetos/Projeto_14_MyWallet/MyWallet-Back-end/src/database.js","statementMap":{"0":{"start":{"line":3,"column":17},"end":{"line":3,"column":19}},"1":{"start":{"line":5,"column":20},"end":{"line":11,"column":1}},"2":{"start":{"line":12,"column":23},"end":{"line":17,"column":1}},"3":{"start":{"line":19,"column":19},"end":{"line":23,"column":1}}},"fnMap":{},"branchMap":{"0":{"loc":{"start":{"line":20,"column":2},"end":{"line":22,"column":20}},"type":"cond-expr","locations":[{"start":{"line":21,"column":6},"end":{"line":21,"column":17}},{"start":{"line":22,"column":6},"end":{"line":22,"column":20}}],"line":20},"1":{"loc":{"start":{"line":20,"column":2},"end":{"line":20,"column":74}},"type":"binary-expr","locations":[{"start":{"line":20,"column":2},"end":{"line":20,"column":39}},{"start":{"line":20,"column":43},"end":{"line":20,"column":74}}],"line":20}},"s":{"0":2,"1":2,"2":2,"3":2},"f":{},"b":{"0":[2,0],"1":[2,0]},"_coverageSchema":"1a1c01bbd47fc00a2c39e90264f33305004495a9","hash":"cdc1dd814dec3e1d637257d9db00e23d8e42d54c"}
,"/home/cadu/Driven/Projetos/Projeto_14_MyWallet/MyWallet-Back-end/src/middlewares.js": {"path":"/home/cadu/Driven/Projetos/Projeto_14_MyWallet/MyWallet-Back-end/src/middlewares.js","statementMap":{"0":{"start":{"line":4,"column":19},"end":{"line":4,"column":34}},"1":{"start":{"line":5,"column":16},"end":{"line":5,"column":61}},"2":{"start":{"line":6,"column":2},"end":{"line":16,"column":3}},"3":{"start":{"line":7,"column":20},"end":{"line":9,"column":6}},"4":{"start":{"line":10,"column":4},"end":{"line":12,"column":5}},"5":{"start":{"line":11,"column":6},"end":{"line":11,"column":33}},"6":{"start":{"line":13,"column":4},"end":{"line":13,"column":18}},"7":{"start":{"line":15,"column":4},"end":{"line":15,"column":31}}},"fnMap":{"0":{"name":"verifyToken","decl":{"start":{"line":3,"column":15},"end":{"line":3,"column":26}},"loc":{"start":{"line":3,"column":43},"end":{"line":17,"column":1}},"line":3}},"branchMap":{"0":{"loc":{"start":{"line":10,"column":4},"end":{"line":12,"column":5}},"type":"if","locations":[{"start":{"line":10,"column":4},"end":{"line":12,"column":5}},{"start":{},"end":{}}],"line":10}},"s":{"0":5,"1":5,"2":5,"3":5,"4":5,"5":2,"6":3,"7":0},"f":{"0":5},"b":{"0":[2,3]},"_coverageSchema":"1a1c01bbd47fc00a2c39e90264f33305004495a9","hash":"b103026172e4295ef7f463bcd82f875eb6f6522c"}
,"/home/cadu/Driven/Projetos/Projeto_14_MyWallet/MyWallet-Back-end/src/controllers/sign-in.js": {"path":"/home/cadu/Driven/Projetos/Projeto_14_MyWallet/MyWallet-Back-end/src/controllers/sign-in.js","statementMap":{"0":{"start":{"line":7,"column":30},"end":{"line":7,"column":38}},"1":{"start":{"line":8,"column":19},"end":{"line":11,"column":4}},"2":{"start":{"line":12,"column":2},"end":{"line":14,"column":3}},"3":{"start":{"line":13,"column":4},"end":{"line":13,"column":79}},"4":{"start":{"line":16,"column":2},"end":{"line":51,"column":3}},"5":{"start":{"line":17,"column":21},"end":{"line":22,"column":5}},"6":{"start":{"line":23,"column":4},"end":{"line":27,"column":5}},"7":{"start":{"line":24,"column":6},"end":{"line":26,"column":74}},"8":{"start":{"line":28,"column":4},"end":{"line":47,"column":5}},"9":{"start":{"line":29,"column":20},"end":{"line":29,"column":26}},"10":{"start":{"line":30,"column":6},"end":{"line":35,"column":8}},"11":{"start":{"line":36,"column":6},"end":{"line":42,"column":8}},"12":{"start":{"line":43,"column":6},"end":{"line":46,"column":9}},"13":{"start":{"line":48,"column":4},"end":{"line":48,"column":51}},"14":{"start":{"line":50,"column":4},"end":{"line":50,"column":53}}},"fnMap":{"0":{"name":"userLogin","decl":{"start":{"line":6,"column":15},"end":{"line":6,"column":24}},"loc":{"start":{"line":6,"column":35},"end":{"line":52,"column":1}},"line":6}},"branchMap":{"0":{"loc":{"start":{"line":12,"column":2},"end":{"line":14,"column":3}},"type":"if","locations":[{"start":{"line":12,"column":2},"end":{"line":14,"column":3}},{"start":{},"end":{}}],"line":12},"1":{"loc":{"start":{"line":23,"column":4},"end":{"line":27,"column":5}},"type":"if","locations":[{"start":{"line":23,"column":4},"end":{"line":27,"column":5}},{"start":{},"end":{}}],"line":23},"2":{"loc":{"start":{"line":28,"column":4},"end":{"line":47,"column":5}},"type":"if","locations":[{"start":{"line":28,"column":4},"end":{"line":47,"column":5}},{"start":{},"end":{}}],"line":28}},"s":{"0":3,"1":3,"2":3,"3":1,"4":2,"5":2,"6":2,"7":1,"8":1,"9":1,"10":1,"11":1,"12":1,"13":0,"14":0},"f":{"0":3},"b":{"0":[1,2],"1":[1,1],"2":[1,0]},"_coverageSchema":"1a1c01bbd47fc00a2c39e90264f33305004495a9","hash":"2cc30562565723f2d3f01ce856f730522e6e98a3"}
,"/home/cadu/Driven/Projetos/Projeto_14_MyWallet/MyWallet-Back-end/src/controllers/sign-out.js": {"path":"/home/cadu/Driven/Projetos/Projeto_14_MyWallet/MyWallet-Back-end/src/controllers/sign-out.js","statementMap":{"0":{"start":{"line":4,"column":19},"end":{"line":4,"column":34}},"1":{"start":{"line":5,"column":24},"end":{"line":5,"column":45}},"2":{"start":{"line":6,"column":16},"end":{"line":6,"column":53}},"3":{"start":{"line":7,"column":2},"end":{"line":7,"column":41}},"4":{"start":{"line":7,"column":14},"end":{"line":7,"column":41}},"5":{"start":{"line":8,"column":2},"end":{"line":19,"column":3}},"6":{"start":{"line":9,"column":4},"end":{"line":14,"column":6}},"7":{"start":{"line":15,"column":4},"end":{"line":15,"column":31}},"8":{"start":{"line":17,"column":4},"end":{"line":17,"column":23}},"9":{"start":{"line":18,"column":4},"end":{"line":18,"column":31}}},"fnMap":{"0":{"name":"signOut","decl":{"start":{"line":3,"column":15},"end":{"line":3,"column":22}},"loc":{"start":{"line":3,"column":33},"end":{"line":20,"column":1}},"line":3}},"branchMap":{"0":{"loc":{"start":{"line":7,"column":2},"end":{"line":7,"column":41}},"type":"if","locations":[{"start":{"line":7,"column":2},"end":{"line":7,"column":41}},{"start":{},"end":{}}],"line":7}},"s":{"0":0,"1":0,"2":0,"3":0,"4":0,"5":0,"6":0,"7":0,"8":0,"9":0},"f":{"0":0},"b":{"0":[0,0]},"_coverageSchema":"1a1c01bbd47fc00a2c39e90264f33305004495a9","hash":"b2dbb70ec90ed6d746161a78d16bce119fa1dc76"}
,"/home/cadu/Driven/Projetos/Projeto_14_MyWallet/MyWallet-Back-end/src/controllers/sign-up.js": {"path":"/home/cadu/Driven/Projetos/Projeto_14_MyWallet/MyWallet-Back-end/src/controllers/sign-up.js","statementMap":{"0":{"start":{"line":6,"column":22},"end":{"line":6,"column":30}},"1":{"start":{"line":7,"column":53},"end":{"line":7,"column":64}},"2":{"start":{"line":8,"column":2},"end":{"line":12,"column":3}},"3":{"start":{"line":9,"column":4},"end":{"line":11,"column":7}},"4":{"start":{"line":14,"column":19},"end":{"line":19,"column":4}},"5":{"start":{"line":20,"column":2},"end":{"line":24,"column":3}},"6":{"start":{"line":21,"column":4},"end":{"line":23,"column":7}},"7":{"start":{"line":25,"column":2},"end":{"line":42,"column":3}},"8":{"start":{"line":26,"column":22},"end":{"line":26,"column":71}},"9":{"start":{"line":27,"column":4},"end":{"line":29,"column":5}},"10":{"start":{"line":27,"column":43},"end":{"line":27,"column":68}},"11":{"start":{"line":28,"column":6},"end":{"line":28,"column":58}},"12":{"start":{"line":30,"column":25},"end":{"line":30,"column":54}},"13":{"start":{"line":32,"column":4},"end":{"line":38,"column":6}},"14":{"start":{"line":39,"column":4},"end":{"line":39,"column":31}},"15":{"start":{"line":41,"column":4},"end":{"line":41,"column":53}}},"fnMap":{"0":{"name":"createAccount","decl":{"start":{"line":5,"column":15},"end":{"line":5,"column":28}},"loc":{"start":{"line":5,"column":39},"end":{"line":43,"column":1}},"line":5},"1":{"name":"(anonymous_1)","decl":{"start":{"line":27,"column":28},"end":{"line":27,"column":29}},"loc":{"start":{"line":27,"column":43},"end":{"line":27,"column":68}},"line":27}},"branchMap":{"0":{"loc":{"start":{"line":8,"column":2},"end":{"line":12,"column":3}},"type":"if","locations":[{"start":{"line":8,"column":2},"end":{"line":12,"column":3}},{"start":{},"end":{}}],"line":8},"1":{"loc":{"start":{"line":20,"column":2},"end":{"line":24,"column":3}},"type":"if","locations":[{"start":{"line":20,"column":2},"end":{"line":24,"column":3}},{"start":{},"end":{}}],"line":20},"2":{"loc":{"start":{"line":27,"column":4},"end":{"line":29,"column":5}},"type":"if","locations":[{"start":{"line":27,"column":4},"end":{"line":29,"column":5}},{"start":{},"end":{}}],"line":27}},"s":{"0":2,"1":2,"2":2,"3":0,"4":2,"5":2,"6":0,"7":2,"8":2,"9":2,"10":1,"11":1,"12":1,"13":1,"14":1,"15":0},"f":{"0":2,"1":1},"b":{"0":[0,2],"1":[0,2],"2":[1,1]},"_coverageSchema":"1a1c01bbd47fc00a2c39e90264f33305004495a9","hash":"336de5a1f3b4cb149a66aebeded2800a9cbd1d1c"}
,"/home/cadu/Driven/Projetos/Projeto_14_MyWallet/MyWallet-Back-end/src/controllers/transactions.js": {"path":"/home/cadu/Driven/Projetos/Projeto_14_MyWallet/MyWallet-Back-end/src/controllers/transactions.js","statementMap":{"0":{"start":{"line":6,"column":28},"end":{"line":6,"column":39}},"1":{"start":{"line":7,"column":16},"end":{"line":7,"column":53}},"2":{"start":{"line":8,"column":2},"end":{"line":21,"column":3}},"3":{"start":{"line":9,"column":21},"end":{"line":12,"column":5}},"4":{"start":{"line":13,"column":29},"end":{"line":16,"column":5}},"5":{"start":{"line":17,"column":4},"end":{"line":17,"column":43}},"6":{"start":{"line":19,"column":4},"end":{"line":19,"column":25}},"7":{"start":{"line":20,"column":4},"end":{"line":20,"column":52}},"8":{"start":{"line":25,"column":28},"end":{"line":25,"column":39}},"9":{"start":{"line":26,"column":16},"end":{"line":26,"column":53}},"10":{"start":{"line":28,"column":22},"end":{"line":28,"column":30}},"11":{"start":{"line":29,"column":32},"end":{"line":29,"column":43}},"12":{"start":{"line":30,"column":2},"end":{"line":32,"column":3}},"13":{"start":{"line":31,"column":4},"end":{"line":31,"column":62}},"14":{"start":{"line":33,"column":19},"end":{"line":33,"column":70}},"15":{"start":{"line":34,"column":2},"end":{"line":36,"column":3}},"16":{"start":{"line":35,"column":4},"end":{"line":35,"column":79}},"17":{"start":{"line":37,"column":15},"end":{"line":37,"column":43}},"18":{"start":{"line":39,"column":2},"end":{"line":56,"column":3}},"19":{"start":{"line":40,"column":19},"end":{"line":43,"column":5}},"20":{"start":{"line":45,"column":4},"end":{"line":51,"column":6}},"21":{"start":{"line":52,"column":4},"end":{"line":52,"column":31}},"22":{"start":{"line":54,"column":4},"end":{"line":54,"column":25}},"23":{"start":{"line":55,"column":4},"end":{"line":55,"column":52}}},"fnMap":{"0":{"name":"listUserTransactions","decl":{"start":{"line":5,"column":15},"end":{"line":5,"column":35}},"loc":{"start":{"line":5,"column":46},"end":{"line":22,"column":1}},"line":5},"1":{"name":"postTransaction","decl":{"start":{"line":24,"column":15},"end":{"line":24,"column":30}},"loc":{"start":{"line":24,"column":41},"end":{"line":57,"column":1}},"line":24}},"branchMap":{"0":{"loc":{"start":{"line":30,"column":2},"end":{"line":32,"column":3}},"type":"if","locations":[{"start":{"line":30,"column":2},"end":{"line":32,"column":3}},{"start":{},"end":{}}],"line":30},"1":{"loc":{"start":{"line":30,"column":6},"end":{"line":30,"column":37}},"type":"binary-expr","locations":[{"start":{"line":30,"column":6},"end":{"line":30,"column":20}},{"start":{"line":30,"column":24},"end":{"line":30,"column":37}}],"line":30},"2":{"loc":{"start":{"line":34,"column":2},"end":{"line":36,"column":3}},"type":"if","locations":[{"start":{"line":34,"column":2},"end":{"line":36,"column":3}},{"start":{},"end":{}}],"line":34}},"s":{"0":1,"1":1,"2":1,"3":1,"4":1,"5":1,"6":0,"7":0,"8":2,"9":2,"10":2,"11":2,"12":2,"13":0,"14":2,"15":2,"16":1,"17":1,"18":1,"19":1,"20":1,"21":1,"22":0,"23":0},"f":{"0":1,"1":2},"b":{"0":[0,2],"1":[2,2],"2":[1,1]},"_coverageSchema":"1a1c01bbd47fc00a2c39e90264f33305004495a9","hash":"e9f72620b41b3b1adacb20e1091ac9f8983f838f"}
,"/home/cadu/Driven/Projetos/Projeto_14_MyWallet/MyWallet-Back-end/src/validation/sign-in.js": {"path":"/home/cadu/Driven/Projetos/Projeto_14_MyWallet/MyWallet-Back-end/src/validation/sign-in.js","statementMap":{"0":{"start":{"line":5,"column":19},"end":{"line":5,"column":171}},"1":{"start":{"line":7,"column":23},"end":{"line":10,"column":2}}},"fnMap":{},"branchMap":{},"s":{"0":2,"1":2},"f":{},"b":{},"_coverageSchema":"1a1c01bbd47fc00a2c39e90264f33305004495a9","hash":"c30b66fb1d7adc0245bd54e0eb459a8a5881f021"}
,"/home/cadu/Driven/Projetos/Projeto_14_MyWallet/MyWallet-Back-end/src/validation/sign-up.js": {"path":"/home/cadu/Driven/Projetos/Projeto_14_MyWallet/MyWallet-Back-end/src/validation/sign-up.js","statementMap":{"0":{"start":{"line":5,"column":19},"end":{"line":5,"column":171}},"1":{"start":{"line":7,"column":23},"end":{"line":12,"column":2}}},"fnMap":{},"branchMap":{},"s":{"0":2,"1":2},"f":{},"b":{},"_coverageSchema":"1a1c01bbd47fc00a2c39e90264f33305004495a9","hash":"6a3d5453f0a7aad33fb56c26e37b74ad1895d081"}
,"/home/cadu/Driven/Projetos/Projeto_14_MyWallet/MyWallet-Back-end/src/validation/transactions.js": {"path":"/home/cadu/Driven/Projetos/Projeto_14_MyWallet/MyWallet-Back-end/src/validation/transactions.js","statementMap":{"0":{"start":{"line":3,"column":28},"end":{"line":7,"column":2}}},"fnMap":{},"branchMap":{},"s":{"0":2},"f":{},"b":{},"_coverageSchema":"1a1c01bbd47fc00a2c39e90264f33305004495a9","hash":"9a7392606b99a3c78d8cb32d718b8eb0657b00a8"}
}
