TN:
SF:setup.js
FNF:0
FNH:0
DA:3,2
DA:5,2
LF:2
LH:2
BRDA:3,0,0,2
BRDA:3,0,1,0
BRF:2
BRH:1
end_of_record
TN:
SF:src/app.js
FNF:0
FNH:0
DA:7,2
DA:9,2
DA:10,2
DA:12,2
DA:13,2
DA:14,2
DA:16,2
DA:17,2
LF:8
LH:8
BRF:0
BRH:0
end_of_record
TN:
SF:src/database.js
FNF:0
FNH:0
DA:3,2
DA:5,2
DA:12,2
DA:19,2
LF:4
LH:4
BRDA:20,0,0,2
BRDA:20,0,1,0
BRDA:20,1,0,2
BRDA:20,1,1,0
BRF:4
BRH:2
end_of_record
TN:
SF:src/middlewares.js
FN:3,verifyToken
FNF:1
FNH:1
FNDA:5,verifyToken
DA:4,5
DA:5,5
DA:6,5
DA:7,5
DA:10,5
DA:11,2
DA:13,3
DA:15,0
LF:8
LH:7
BRDA:10,0,0,2
BRDA:10,0,1,3
BRF:2
BRH:2
end_of_record
TN:
SF:src/controllers/transactionController.js
FN:3,getTransactions
FN:10,postTransaction
FNF:2
FNH:2
FNDA:1,getTransactions
FNDA:2,postTransaction
DA:4,1
DA:5,1
DA:6,1
DA:7,1
DA:11,2
DA:12,2
DA:14,2
DA:15,2
DA:17,2
DA:18,0
DA:20,2
DA:26,2
DA:27,1
DA:29,1
LF:14
LH:13
BRDA:17,0,0,0
BRDA:17,0,1,2
BRDA:17,1,0,2
BRDA:17,1,1,2
BRDA:26,2,0,1
BRDA:26,2,1,1
BRF:6
BRH:5
end_of_record
TN:
SF:src/controllers/userController.js
FN:3,signIn
FN:12,signUp
FN:33,signOut
FNF:3
FNH:2
FNDA:3,signIn
FNDA:3,signUp
FNDA:0,signOut
DA:4,3
DA:5,3
DA:6,3
DA:7,2
DA:9,1
DA:13,3
DA:14,3
DA:15,3
DA:16,1
DA:20,2
DA:21,2
DA:22,1
DA:24,1
DA:25,0
DA:30,1
DA:34,0
DA:35,0
DA:36,0
DA:37,0
LF:19
LH:14
BRDA:6,0,0,2
BRDA:6,0,1,1
BRDA:15,1,0,1
BRDA:15,1,1,2
BRDA:21,2,0,1
BRDA:21,2,1,1
BRDA:24,3,0,0
BRDA:24,3,1,1
BRF:8
BRH:7
end_of_record
TN:
SF:src/repositories/sessionRepository.js
FN:3,createSession
FN:20,deleteSession
FN:29,getUserIdByToken
FNF:3
FNH:2
FNDA:1,createSession
FNDA:0,deleteSession
FNDA:1,getUserIdByToken
DA:4,1
DA:10,1
DA:18,1
DA:21,0
DA:30,1
DA:33,1
LF:6
LH:5
BRF:0
BRH:0
end_of_record
TN:
SF:src/repositories/transactionRepository.js
FN:3,getUserTransactionsByToken
FN:14,insertNewTransaction
FNF:2
FNH:2
FNDA:1,getUserTransactionsByToken
FNDA:1,insertNewTransaction
DA:4,1
DA:11,1
DA:15,1
DA:22,1
LF:4
LH:4
BRF:0
BRH:0
end_of_record
TN:
SF:src/repositories/userRepository.js
FN:3,findByEmail
FN:15,getEmailList
FN:19,addNewUser
FNF:3
FNH:3
FNDA:2,findByEmail
FNDA:2,getEmailList
FNDA:1,addNewUser
DA:4,2
DA:12,2
DA:16,2
DA:17,2
DA:20,1
DA:28,1
LF:6
LH:6
BRF:0
BRH:0
end_of_record
TN:
SF:src/services/transactionService.js
FN:6,getUserTransactions
FN:11,verifyAndPostTransaction
FNF:2
FNH:2
FNDA:1,getUserTransactions
FNDA:2,verifyAndPostTransaction
DA:7,1
DA:8,1
DA:12,2
DA:13,2
DA:14,1
DA:16,1
DA:17,1
DA:18,1
DA:25,1
DA:26,1
DA:28,0
LF:11
LH:10
BRDA:13,0,0,1
BRDA:13,0,1,1
BRDA:25,1,0,1
BRDA:25,1,1,0
BRF:4
BRH:3
end_of_record
TN:
SF:src/services/userService.js
FN:8,authSignIn
FN:23,authSignUp
FN:33,(anonymous_2)
FN:46,requestFinishSession
FNF:4
FNH:3
FNDA:3,authSignIn
FNDA:2,authSignUp
FNDA:1,(anonymous_2)
FNDA:0,requestFinishSession
DA:9,3
DA:13,3
DA:15,2
DA:16,2
DA:17,1
DA:18,1
DA:20,1
DA:24,2
DA:30,2
DA:32,2
DA:33,2
DA:34,1
DA:36,1
DA:38,1
DA:43,1
DA:44,1
DA:47,0
LF:17
LH:16
BRDA:13,0,0,1
BRDA:13,0,1,2
BRDA:16,1,0,1
BRDA:16,1,1,1
BRDA:30,2,0,0
BRDA:30,2,1,2
BRDA:33,3,0,1
BRDA:33,3,1,1
BRDA:43,4,0,0
BRDA:43,4,1,1
BRF:10
BRH:8
end_of_record
TN:
SF:src/validation/sign-in.js
FNF:0
FNH:0
DA:5,2
DA:7,2
LF:2
LH:2
BRF:0
BRH:0
end_of_record
TN:
SF:src/validation/sign-up.js
FNF:0
FNH:0
DA:5,2
DA:7,2
LF:2
LH:2
BRF:0
BRH:0
end_of_record
TN:
SF:src/validation/transactions.js
FNF:0
FNH:0
DA:3,2
LF:1
LH:1
BRF:0
BRH:0
end_of_record
