TN:
SF:setup.js
FNF:0
FNH:0
DA:3,2
DA:5,2
LF:2
LH:2
BRDA:3,0,0,2
BRDA:3,0,1,0
BRF:2
BRH:1
end_of_record
TN:
SF:src/app.js
FNF:0
FNH:0
DA:10,2
DA:12,2
DA:13,2
DA:16,2
DA:18,2
DA:20,2
DA:23,2
DA:24,2
LF:8
LH:8
BRF:0
BRH:0
end_of_record
TN:
SF:src/database.js
FNF:0
FNH:0
DA:3,2
DA:5,2
DA:12,2
DA:19,2
LF:4
LH:4
BRDA:20,0,0,2
BRDA:20,0,1,0
BRDA:20,1,0,2
BRDA:20,1,1,0
BRF:4
BRH:2
end_of_record
TN:
SF:src/middlewares.js
FN:3,verifyToken
FNF:1
FNH:1
FNDA:5,verifyToken
DA:4,5
DA:5,5
DA:6,5
DA:7,5
DA:10,5
DA:11,2
DA:13,3
DA:15,0
LF:8
LH:7
BRDA:10,0,0,2
BRDA:10,0,1,3
BRF:2
BRH:2
end_of_record
TN:
SF:src/controllers/sign-in.js
FN:6,userLogin
FNF:1
FNH:1
FNDA:3,userLogin
DA:7,3
DA:8,3
DA:12,3
DA:13,1
DA:16,2
DA:17,2
DA:23,2
DA:24,1
DA:28,1
DA:29,1
DA:30,1
DA:36,1
DA:43,1
DA:48,0
DA:50,0
LF:15
LH:13
BRDA:12,0,0,1
BRDA:12,0,1,2
BRDA:23,1,0,1
BRDA:23,1,1,1
BRDA:28,2,0,1
BRDA:28,2,1,0
BRF:6
BRH:5
end_of_record
TN:
SF:src/controllers/sign-out.js
FN:3,signOut
FNF:1
FNH:0
FNDA:0,signOut
DA:4,0
DA:5,0
DA:6,0
DA:7,0
DA:8,0
DA:9,0
DA:15,0
DA:17,0
DA:18,0
LF:9
LH:0
BRDA:7,0,0,0
BRDA:7,0,1,0
BRF:2
BRH:0
end_of_record
TN:
SF:src/controllers/sign-up.js
FN:5,createAccount
FN:27,(anonymous_1)
FNF:2
FNH:2
FNDA:2,createAccount
FNDA:1,(anonymous_1)
DA:6,2
DA:7,2
DA:8,2
DA:9,0
DA:14,2
DA:20,2
DA:21,0
DA:25,2
DA:26,2
DA:27,2
DA:28,1
DA:30,1
DA:32,1
DA:39,1
DA:41,0
LF:15
LH:12
BRDA:8,0,0,0
BRDA:8,0,1,2
BRDA:20,1,0,0
BRDA:20,1,1,2
BRDA:27,2,0,1
BRDA:27,2,1,1
BRF:6
BRH:4
end_of_record
TN:
SF:src/controllers/transactions.js
FN:5,listUserTransactions
FN:24,postTransaction
FNF:2
FNH:2
FNDA:1,listUserTransactions
FNDA:2,postTransaction
DA:6,1
DA:7,1
DA:8,1
DA:9,1
DA:13,1
DA:17,1
DA:19,0
DA:20,0
DA:25,2
DA:26,2
DA:28,2
DA:29,2
DA:30,2
DA:31,0
DA:33,2
DA:34,2
DA:35,1
DA:37,1
DA:39,1
DA:40,1
DA:45,1
DA:52,1
DA:54,0
DA:55,0
LF:24
LH:19
BRDA:30,0,0,0
BRDA:30,0,1,2
BRDA:30,1,0,2
BRDA:30,1,1,2
BRDA:34,2,0,1
BRDA:34,2,1,1
BRF:6
BRH:5
end_of_record
TN:
SF:src/validation/sign-in.js
FNF:0
FNH:0
DA:5,2
DA:7,2
LF:2
LH:2
BRF:0
BRH:0
end_of_record
TN:
SF:src/validation/sign-up.js
FNF:0
FNH:0
DA:5,2
DA:7,2
LF:2
LH:2
BRF:0
BRH:0
end_of_record
TN:
SF:src/validation/transactions.js
FNF:0
FNH:0
DA:3,2
LF:1
LH:1
BRF:0
BRH:0
end_of_record
